-------------------------------------------------------------------------------
Test set: com.xsushirollx.sushibyte.restaurantservice.controller.RestaurantControllerTest
-------------------------------------------------------------------------------
Tests run: 5, Failures: 0, Errors: 5, Skipped: 0, Time elapsed: 16.529 s <<< FAILURE! - in com.xsushirollx.sushibyte.restaurantservice.controller.RestaurantControllerTest
addNewRestaurant  Time elapsed: 0.001 s  <<< ERROR!
java.lang.IllegalStateException: Failed to load ApplicationContext
Caused by: org.springframework.beans.factory.UnsatisfiedDependencyException: Error creating bean with name 'restaurantController' defined in file [C:\Users\Girls Who Code\Desktop\SmoothStack Training\RestaurantService\target\classes\com\xsushirollx\sushibyte\restaurantservice\controller\RestaurantController.class]: Unsatisfied dependency expressed through constructor parameter 0; nested exception is org.springframework.beans.factory.NoSuchBeanDefinitionException: No qualifying bean of type 'com.xsushirollx.sushibyte.restaurantservice.service.RestaurantControllerService' available: expected at least 1 bean which qualifies as autowire candidate. Dependency annotations: {}
Caused by: org.springframework.beans.factory.NoSuchBeanDefinitionException: No qualifying bean of type 'com.xsushirollx.sushibyte.restaurantservice.service.RestaurantControllerService' available: expected at least 1 bean which qualifies as autowire candidate. Dependency annotations: {}

setRestaurantToInActive  Time elapsed: 0 s  <<< ERROR!
java.lang.IllegalStateException: Failed to load ApplicationContext
Caused by: org.springframework.beans.factory.UnsatisfiedDependencyException: Error creating bean with name 'restaurantController' defined in file [C:\Users\Girls Who Code\Desktop\SmoothStack Training\RestaurantService\target\classes\com\xsushirollx\sushibyte\restaurantservice\controller\RestaurantController.class]: Unsatisfied dependency expressed through constructor parameter 0; nested exception is org.springframework.beans.factory.NoSuchBeanDefinitionException: No qualifying bean of type 'com.xsushirollx.sushibyte.restaurantservice.service.RestaurantControllerService' available: expected at least 1 bean which qualifies as autowire candidate. Dependency annotations: {}
Caused by: org.springframework.beans.factory.NoSuchBeanDefinitionException: No qualifying bean of type 'com.xsushirollx.sushibyte.restaurantservice.service.RestaurantControllerService' available: expected at least 1 bean which qualifies as autowire candidate. Dependency annotations: {}

getAllRestaurants  Time elapsed: 0.001 s  <<< ERROR!
java.lang.IllegalStateException: Failed to load ApplicationContext
Caused by: org.springframework.beans.factory.UnsatisfiedDependencyException: Error creating bean with name 'restaurantController' defined in file [C:\Users\Girls Who Code\Desktop\SmoothStack Training\RestaurantService\target\classes\com\xsushirollx\sushibyte\restaurantservice\controller\RestaurantController.class]: Unsatisfied dependency expressed through constructor parameter 0; nested exception is org.springframework.beans.factory.NoSuchBeanDefinitionException: No qualifying bean of type 'com.xsushirollx.sushibyte.restaurantservice.service.RestaurantControllerService' available: expected at least 1 bean which qualifies as autowire candidate. Dependency annotations: {}
Caused by: org.springframework.beans.factory.NoSuchBeanDefinitionException: No qualifying bean of type 'com.xsushirollx.sushibyte.restaurantservice.service.RestaurantControllerService' available: expected at least 1 bean which qualifies as autowire candidate. Dependency annotations: {}

getOneRestaurant  Time elapsed: 0 s  <<< ERROR!
java.lang.IllegalStateException: Failed to load ApplicationContext
Caused by: org.springframework.beans.factory.UnsatisfiedDependencyException: Error creating bean with name 'restaurantController' defined in file [C:\Users\Girls Who Code\Desktop\SmoothStack Training\RestaurantService\target\classes\com\xsushirollx\sushibyte\restaurantservice\controller\RestaurantController.class]: Unsatisfied dependency expressed through constructor parameter 0; nested exception is org.springframework.beans.factory.NoSuchBeanDefinitionException: No qualifying bean of type 'com.xsushirollx.sushibyte.restaurantservice.service.RestaurantControllerService' available: expected at least 1 bean which qualifies as autowire candidate. Dependency annotations: {}
Caused by: org.springframework.beans.factory.NoSuchBeanDefinitionException: No qualifying bean of type 'com.xsushirollx.sushibyte.restaurantservice.service.RestaurantControllerService' available: expected at least 1 bean which qualifies as autowire candidate. Dependency annotations: {}

updateRestaurant  Time elapsed: 0 s  <<< ERROR!
java.lang.IllegalStateException: Failed to load ApplicationContext
Caused by: org.springframework.beans.factory.UnsatisfiedDependencyException: Error creating bean with name 'restaurantController' defined in file [C:\Users\Girls Who Code\Desktop\SmoothStack Training\RestaurantService\target\classes\com\xsushirollx\sushibyte\restaurantservice\controller\RestaurantController.class]: Unsatisfied dependency expressed through constructor parameter 0; nested exception is org.springframework.beans.factory.NoSuchBeanDefinitionException: No qualifying bean of type 'com.xsushirollx.sushibyte.restaurantservice.service.RestaurantControllerService' available: expected at least 1 bean which qualifies as autowire candidate. Dependency annotations: {}
Caused by: org.springframework.beans.factory.NoSuchBeanDefinitionException: No qualifying bean of type 'com.xsushirollx.sushibyte.restaurantservice.service.RestaurantControllerService' available: expected at least 1 bean which qualifies as autowire candidate. Dependency annotations: {}

