-------------------------------------------------------------------------------
Test set: com.xsushirollx.sushibyte.restaurantservice.controller.FoodControllerTest
-------------------------------------------------------------------------------
Tests run: 5, Failures: 4, Errors: 0, Skipped: 0, Time elapsed: 16.576 s <<< FAILURE! - in com.xsushirollx.sushibyte.restaurantservice.controller.FoodControllerTest
setFoodMenuItemToInActive  Time elapsed: 0.83 s  <<< FAILURE!
java.lang.AssertionError: Content type not set
	at com.xsushirollx.sushibyte.restaurantservice.controller.FoodControllerTest.setFoodMenuItemToInActive(FoodControllerTest.java:169)

addNewFoodMenuItem  Time elapsed: 0.675 s  <<< FAILURE!
java.lang.AssertionError: Response status expected:<201> but was:<200>
	at com.xsushirollx.sushibyte.restaurantservice.controller.FoodControllerTest.addNewFoodMenuItem(FoodControllerTest.java:112)

getAllFoodMenuItems  Time elapsed: 0.246 s  <<< FAILURE!
java.lang.AssertionError: Content type not set
	at com.xsushirollx.sushibyte.restaurantservice.controller.FoodControllerTest.getAllFoodMenuItems(FoodControllerTest.java:63)

getOneFoodMenuItem  Time elapsed: 0.177 s  <<< FAILURE!
java.lang.AssertionError: Content type not set
	at com.xsushirollx.sushibyte.restaurantservice.controller.FoodControllerTest.getOneFoodMenuItem(FoodControllerTest.java:86)

