<?xml version="1.0" encoding="UTF-8"?>
<testsuite xmlns:xsi="http://www.w3.org/2001/XMLSchema-instance" xsi:noNamespaceSchemaLocation="https://maven.apache.org/surefire/maven-surefire-plugin/xsd/surefire-test-report.xsd" name="com.xsushirollx.sushibyte.restaurantservice.controller.FoodControllerTest" time="16.576" tests="5" errors="0" skipped="0" failures="4">
  <properties>
[...]
</properties>
  <testcase name="setFoodMenuItemToInActive" classname="com.xsushirollx.sushibyte.restaurantservice.controller.FoodControllerTest" time="0.83">
    <failure message="Content type not set" type="java.lang.AssertionError">java.lang.AssertionError: Content type not set
	at com.xsushirollx.sushibyte.restaurantservice.controller.FoodControllerTest.setFoodMenuItemToInActive(FoodControllerTest.java:169)
</failure>
    <system-out><![CDATA[14:29:18.913 [main] DEBUG org.springframework.test.context.BootstrapUtils - Instantiating CacheAwareContextLoaderDelegate from class [org.springframework.test.context.cache.DefaultCacheAwareContextLoaderDelegate]
14:29:18.961 [main] DEBUG org.springframework.test.context.BootstrapUtils - Instantiating BootstrapContext using constructor [public org.springframework.test.context.support.DefaultBootstrapContext(java.lang.Class,org.springframework.test.context.CacheAwareContextLoaderDelegate)]
14:29:19.112 [main] DEBUG org.springframework.test.context.BootstrapUtils - Instantiating TestContextBootstrapper for test class [com.xsushirollx.sushibyte.restaurantservice.controller.FoodControllerTest] from class [org.springframework.boot.test.autoconfigure.web.servlet.WebMvcTestContextBootstrapper]
14:29:19.167 [main] INFO org.springframework.boot.test.autoconfigure.web.servlet.WebMvcTestContextBootstrapper - Neither @ContextConfiguration nor @ContextHierarchy found for test class [com.xsushirollx.sushibyte.restaurantservice.controller.FoodControllerTest], using SpringBootContextLoader
14:29:19.186 [main] DEBUG org.springframework.test.context.support.AbstractContextLoader - Did not detect default resource location for test class [com.xsushirollx.sushibyte.restaurantservice.controller.FoodControllerTest]: class path resource [com/xsushirollx/sushibyte/restaurantservice/controller/FoodControllerTest-context.xml] does not exist
14:29:19.188 [main] DEBUG org.springframework.test.context.support.AbstractContextLoader - Did not detect default resource location for test class [com.xsushirollx.sushibyte.restaurantservice.controller.FoodControllerTest]: class path resource [com/xsushirollx/sushibyte/restaurantservice/controller/FoodControllerTestContext.groovy] does not exist
14:29:19.189 [main] INFO org.springframework.test.context.support.AbstractContextLoader - Could not detect default resource locations for test class [com.xsushirollx.sushibyte.restaurantservice.controller.FoodControllerTest]: no resource found for suffixes {-context.xml, Context.groovy}.
14:29:19.193 [main] INFO org.springframework.test.context.support.AnnotationConfigContextLoaderUtils - Could not detect default configuration classes for test class [com.xsushirollx.sushibyte.restaurantservice.controller.FoodControllerTest]: FoodControllerTest does not declare any static, non-private, non-final, nested classes annotated with @Configuration.
14:29:19.512 [main] DEBUG org.springframework.test.context.support.ActiveProfilesUtils - Could not find an 'annotation declaring class' for annotation type [org.springframework.test.context.ActiveProfiles] and class [com.xsushirollx.sushibyte.restaurantservice.controller.FoodControllerTest]
14:29:19.783 [main] DEBUG org.springframework.context.annotation.ClassPathScanningCandidateComponentProvider - Identified candidate component class: file [C:\Users\Girls Who Code\Desktop\SmoothStack Training\RestaurantService\target\classes\com\xsushirollx\sushibyte\restaurantservice\RestaurantServiceApplication.class]
14:29:19.788 [main] INFO org.springframework.boot.test.context.SpringBootTestContextBootstrapper - Found @SpringBootConfiguration com.xsushirollx.sushibyte.restaurantservice.RestaurantServiceApplication for test class com.xsushirollx.sushibyte.restaurantservice.controller.FoodControllerTest
14:29:19.798 [main] DEBUG org.springframework.boot.test.autoconfigure.web.servlet.WebMvcTestContextBootstrapper - @TestExecutionListeners is not present for class [com.xsushirollx.sushibyte.restaurantservice.controller.FoodControllerTest]: using defaults.
14:29:19.799 [main] INFO org.springframework.boot.test.autoconfigure.web.servlet.WebMvcTestContextBootstrapper - Loaded default TestExecutionListener class names from location [META-INF/spring.factories]: [org.springframework.boot.test.mock.mockito.MockitoTestExecutionListener, org.springframework.boot.test.mock.mockito.ResetMocksTestExecutionListener, org.springframework.boot.test.autoconfigure.restdocs.RestDocsTestExecutionListener, org.springframework.boot.test.autoconfigure.web.client.MockRestServiceServerResetTestExecutionListener, org.springframework.boot.test.autoconfigure.web.servlet.MockMvcPrintOnlyOnFailureTestExecutionListener, org.springframework.boot.test.autoconfigure.web.servlet.WebDriverTestExecutionListener, org.springframework.boot.test.autoconfigure.webservices.client.MockWebServiceServerTestExecutionListener, org.springframework.test.context.web.ServletTestExecutionListener, org.springframework.test.context.support.DirtiesContextBeforeModesTestExecutionListener, org.springframework.test.context.event.ApplicationEventsTestExecutionListener, org.springframework.test.context.support.DependencyInjectionTestExecutionListener, org.springframework.test.context.support.DirtiesContextTestExecutionListener, org.springframework.test.context.transaction.TransactionalTestExecutionListener, org.springframework.test.context.jdbc.SqlScriptsTestExecutionListener, org.springframework.test.context.event.EventPublishingTestExecutionListener]
14:29:19.871 [main] INFO org.springframework.boot.test.autoconfigure.web.servlet.WebMvcTestContextBootstrapper - Using TestExecutionListeners: [org.springframework.test.context.web.ServletTestExecutionListener@1641d39, org.springframework.test.context.support.DirtiesContextBeforeModesTestExecutionListener@136aa0c, org.springframework.test.context.event.ApplicationEventsTestExecutionListener@24a83d, org.springframework.boot.test.mock.mockito.MockitoTestExecutionListener@17f60bf, org.springframework.boot.test.autoconfigure.SpringBootDependencyInjectionTestExecutionListener@77323c, org.springframework.test.context.support.DirtiesContextTestExecutionListener@df8434, org.springframework.test.context.transaction.TransactionalTestExecutionListener@1c7a252, org.springframework.test.context.jdbc.SqlScriptsTestExecutionListener@1154ccd, org.springframework.test.context.event.EventPublishingTestExecutionListener@9c6181, org.springframework.boot.test.mock.mockito.ResetMocksTestExecutionListener@86afc2, org.springframework.boot.test.autoconfigure.restdocs.RestDocsTestExecutionListener@b4072, org.springframework.boot.test.autoconfigure.web.client.MockRestServiceServerResetTestExecutionListener@11f145a, org.springframework.boot.test.autoconfigure.web.servlet.MockMvcPrintOnlyOnFailureTestExecutionListener@cee291, org.springframework.boot.test.autoconfigure.web.servlet.WebDriverTestExecutionListener@145a2f5, org.springframework.boot.test.autoconfigure.webservices.client.MockWebServiceServerTestExecutionListener@109733f]
14:29:19.896 [main] DEBUG org.springframework.test.context.support.AbstractDirtiesContextTestExecutionListener - Before test class: context [DefaultTestContext@138dc9b testClass = FoodControllerTest, testInstance = [null], testMethod = [null], testException = [null], mergedContextConfiguration = [WebMergedContextConfiguration@77d488 testClass = FoodControllerTest, locations = '{}', classes = '{class com.xsushirollx.sushibyte.restaurantservice.RestaurantServiceApplication}', contextInitializerClasses = '[]', activeProfiles = '{}', propertySourceLocations = '{}', propertySourceProperties = '{org.springframework.boot.test.autoconfigure.web.servlet.WebMvcTestContextBootstrapper=true}', contextCustomizers = set[[ImportsContextCustomizer@1376bed key = [org.springframework.boot.autoconfigure.cache.CacheAutoConfiguration, org.springframework.boot.autoconfigure.context.MessageSourceAutoConfiguration, org.springframework.boot.autoconfigure.data.web.SpringDataWebAutoConfiguration, org.springframework.boot.autoconfigure.freemarker.FreeMarkerAutoConfiguration, org.springframework.boot.autoconfigure.groovy.template.GroovyTemplateAutoConfiguration, org.springframework.boot.autoconfigure.gson.GsonAutoConfiguration, org.springframework.boot.autoconfigure.hateoas.HypermediaAutoConfiguration, org.springframework.boot.autoconfigure.http.HttpMessageConvertersAutoConfiguration, org.springframework.boot.autoconfigure.jackson.JacksonAutoConfiguration, org.springframework.boot.autoconfigure.jsonb.JsonbAutoConfiguration, org.springframework.boot.autoconfigure.mustache.MustacheAutoConfiguration, org.springframework.boot.autoconfigure.task.TaskExecutionAutoConfiguration, org.springframework.boot.autoconfigure.thymeleaf.ThymeleafAutoConfiguration, org.springframework.boot.autoconfigure.validation.ValidationAutoConfiguration, org.springframework.boot.autoconfigure.web.servlet.error.ErrorMvcAutoConfiguration, org.springframework.boot.autoconfigure.web.servlet.HttpEncodingAutoConfiguration, org.springframework.boot.autoconfigure.web.servlet.WebMvcAutoConfiguration, org.springframework.boot.test.autoconfigure.web.servlet.MockMvcAutoConfiguration, org.springframework.boot.test.autoconfigure.web.servlet.MockMvcWebClientAutoConfiguration, org.springframework.boot.test.autoconfigure.web.servlet.MockMvcWebDriverAutoConfiguration, org.springframework.boot.autoconfigure.security.oauth2.client.servlet.OAuth2ClientAutoConfiguration, org.springframework.boot.autoconfigure.security.oauth2.resource.servlet.OAuth2ResourceServerAutoConfiguration, org.springframework.boot.autoconfigure.security.servlet.SecurityAutoConfiguration, org.springframework.boot.autoconfigure.security.servlet.SecurityFilterAutoConfiguration, org.springframework.boot.autoconfigure.security.servlet.UserDetailsServiceAutoConfiguration, org.springframework.boot.test.autoconfigure.web.servlet.MockMvcSecurityConfiguration]], org.springframework.boot.test.context.filter.ExcludeFilterContextCustomizer@52dba3, org.springframework.boot.test.json.DuplicateJsonObjectContextCustomizerFactory$DuplicateJsonObjectContextCustomizer@19fedbd, org.springframework.boot.test.mock.mockito.MockitoContextCustomizer@a96a5e9e, org.springframework.boot.test.autoconfigure.OverrideAutoConfigurationContextCustomizerFactory$DisableAutoConfigurationContextCustomizer@5b7c14, org.springframework.boot.test.autoconfigure.actuate.metrics.MetricsExportContextCustomizerFactory$DisableMetricExportContextCustomizer@1f7cd29, org.springframework.boot.test.autoconfigure.filter.TypeExcludeFiltersContextCustomizer@a36967ab, org.springframework.boot.test.autoconfigure.properties.PropertyMappingContextCustomizer@3347bdfa, org.springframework.boot.test.autoconfigure.web.servlet.WebDriverContextCustomizerFactory$Customizer@96bacf, org.springframework.boot.test.context.SpringBootTestArgs@1, org.springframework.boot.test.context.SpringBootTestWebEnvironment@0], resourceBasePath = 'src/main/webapp', contextLoader = 'org.springframework.boot.test.context.SpringBootContextLoader', parent = [null]], attributes = map[[empty]]], class annotated with @DirtiesContext [false] with mode [null].
14:29:20.063 [main] DEBUG org.springframework.test.context.support.TestPropertySourceUtils - Adding inlined properties to environment: {spring.jmx.enabled=false, org.springframework.boot.test.autoconfigure.web.servlet.WebMvcTestContextBootstrapper=true}

  .   ____          _            __ _ _
 /\\ / ___'_ __ _ _(_)_ __  __ _ \ \ \ \
( ( )\___ | '_ | '_| | '_ \/ _` | \ \ \ \
 \\/  ___)| |_)| | | | | || (_| |  ) ) ) )
  '  |____| .__|_| |_|_| |_\__, | / / / /
 =========|_|==============|___/=/_/_/_/
 :: Spring Boot ::                (v2.4.4)

2021-05-12 14:29:21.614  INFO 34760 --- [           main] c.x.s.r.controller.FoodControllerTest    : Starting FoodControllerTest using Java 1.8.0_172 on DESKTOP-EK1HG8R with PID 34760 (started by Tsemaye in C:\Users\Girls Who Code\Desktop\SmoothStack Training\RestaurantService)
2021-05-12 14:29:21.622  INFO 34760 --- [           main] c.x.s.r.controller.FoodControllerTest    : No active profile set, falling back to default profiles: default
2021-05-12 14:29:30.564  INFO 34760 --- [           main] pertySourcedRequestMappingHandlerMapping : Mapped URL path [/v2/api-docs] onto method [springfox.documentation.swagger2.web.Swagger2Controller#getDocumentation(String, HttpServletRequest)]
2021-05-12 14:29:31.450  INFO 34760 --- [           main] o.s.s.concurrent.ThreadPoolTaskExecutor  : Initializing ExecutorService 'applicationTaskExecutor'
2021-05-12 14:29:32.276  INFO 34760 --- [           main] o.s.b.t.m.w.SpringBootMockServletContext : Initializing Spring TestDispatcherServlet ''
2021-05-12 14:29:32.276  INFO 34760 --- [           main] o.s.t.web.servlet.TestDispatcherServlet  : Initializing Servlet ''
2021-05-12 14:29:32.279  INFO 34760 --- [           main] o.s.t.web.servlet.TestDispatcherServlet  : Completed initialization in 3 ms
2021-05-12 14:29:32.393  INFO 34760 --- [           main] d.s.w.p.DocumentationPluginsBootstrapper : Context refreshed
2021-05-12 14:29:32.559  INFO 34760 --- [           main] d.s.w.p.DocumentationPluginsBootstrapper : Found 1 custom documentation plugin(s)
2021-05-12 14:29:32.700  INFO 34760 --- [           main] s.d.s.w.s.ApiListingReferenceScanner     : Scanning for api listing references
2021-05-12 14:29:33.362  INFO 34760 --- [           main] c.x.s.r.controller.FoodControllerTest    : Started FoodControllerTest in 13.262 seconds (JVM running for 16.78)

MockHttpServletRequest:
      HTTP Method = DELETE
      Request URI = /food/1
       Parameters = {}
          Headers = []
             Body = null
    Session Attrs = {}

Handler:
             Type = com.xsushirollx.sushibyte.restaurantservice.controller.FoodController$MockitoMock$1983243451
           Method = com.xsushirollx.sushibyte.restaurantservice.controller.FoodController$MockitoMock$1983243451#setFoodMenuItemToInActive(Long)

Async:
    Async started = false
     Async result = null

Resolved Exception:
             Type = null

ModelAndView:
        View name = null
             View = null
            Model = null

FlashMap:
       Attributes = null

MockHttpServletResponse:
           Status = 200
    Error message = null
          Headers = [Vary:"Origin", "Access-Control-Request-Method", "Access-Control-Request-Headers"]
     Content type = null
             Body = 
    Forwarded URL = null
   Redirected URL = null
          Cookies = []
]]></system-out>
  </testcase>
  <testcase name="addNewFoodMenuItem" classname="com.xsushirollx.sushibyte.restaurantservice.controller.FoodControllerTest" time="0.675">
    <failure message="Response status expected:&lt;201&gt; but was:&lt;200&gt;" type="java.lang.AssertionError"><![CDATA[java.lang.AssertionError: Response status expected:<201> but was:<200>
	at com.xsushirollx.sushibyte.restaurantservice.controller.FoodControllerTest.addNewFoodMenuItem(FoodControllerTest.java:112)
]]></failure>
    <system-out><![CDATA[
MockHttpServletRequest:
      HTTP Method = POST
      Request URI = /food
       Parameters = {}
          Headers = [Content-Type:"application/json;charset=UTF-8", Accept:"application/json", Content-Length:"153"]
             Body = {"id": 7, "restaurantID": 5, "name": "Fries", "cost": 91.18, "image": "pic here",    "summary": "tasty food", "special": 3, "isActive": 0, "category": 2}
    Session Attrs = {}

Handler:
             Type = com.xsushirollx.sushibyte.restaurantservice.controller.FoodController$MockitoMock$1983243451
           Method = com.xsushirollx.sushibyte.restaurantservice.controller.FoodController$MockitoMock$1983243451#addNewFoodMenuItem(FoodDTO)

Async:
    Async started = false
     Async result = null

Resolved Exception:
             Type = null

ModelAndView:
        View name = null
             View = null
            Model = null

FlashMap:
       Attributes = null

MockHttpServletResponse:
           Status = 200
    Error message = null
          Headers = [Vary:"Origin", "Access-Control-Request-Method", "Access-Control-Request-Headers"]
     Content type = null
             Body = 
    Forwarded URL = null
   Redirected URL = null
          Cookies = []
]]></system-out>
  </testcase>
  <testcase name="updateFood" classname="com.xsushirollx.sushibyte.restaurantservice.controller.FoodControllerTest" time="0"/>
  <testcase name="getAllFoodMenuItems" classname="com.xsushirollx.sushibyte.restaurantservice.controller.FoodControllerTest" time="0.246">
    <failure message="Content type not set" type="java.lang.AssertionError">java.lang.AssertionError: Content type not set
	at com.xsushirollx.sushibyte.restaurantservice.controller.FoodControllerTest.getAllFoodMenuItems(FoodControllerTest.java:63)
</failure>
    <system-out><![CDATA[
MockHttpServletRequest:
      HTTP Method = GET
      Request URI = /food
       Parameters = {}
          Headers = []
             Body = null
    Session Attrs = {}

Handler:
             Type = com.xsushirollx.sushibyte.restaurantservice.controller.FoodController$MockitoMock$1983243451
           Method = com.xsushirollx.sushibyte.restaurantservice.controller.FoodController$MockitoMock$1983243451#getAllFoodMenuItems()

Async:
    Async started = false
     Async result = null

Resolved Exception:
             Type = null

ModelAndView:
        View name = null
             View = null
            Model = null

FlashMap:
       Attributes = null

MockHttpServletResponse:
           Status = 200
    Error message = null
          Headers = [Vary:"Origin", "Access-Control-Request-Method", "Access-Control-Request-Headers"]
     Content type = null
             Body = 
    Forwarded URL = null
   Redirected URL = null
          Cookies = []
]]></system-out>
  </testcase>
  <testcase name="getOneFoodMenuItem" classname="com.xsushirollx.sushibyte.restaurantservice.controller.FoodControllerTest" time="0.177">
    <failure message="Content type not set" type="java.lang.AssertionError">java.lang.AssertionError: Content type not set
	at com.xsushirollx.sushibyte.restaurantservice.controller.FoodControllerTest.getOneFoodMenuItem(FoodControllerTest.java:86)
</failure>
    <system-out><![CDATA[
MockHttpServletRequest:
      HTTP Method = GET
      Request URI = /food/1
       Parameters = {}
          Headers = []
             Body = null
    Session Attrs = {}

Handler:
             Type = com.xsushirollx.sushibyte.restaurantservice.controller.FoodController$MockitoMock$1983243451
           Method = com.xsushirollx.sushibyte.restaurantservice.controller.FoodController$MockitoMock$1983243451#getOneFoodMenuItem(Long)

Async:
    Async started = false
     Async result = null

Resolved Exception:
             Type = null

ModelAndView:
        View name = null
             View = null
            Model = null

FlashMap:
       Attributes = null

MockHttpServletResponse:
           Status = 200
    Error message = null
          Headers = [Vary:"Origin", "Access-Control-Request-Method", "Access-Control-Request-Headers"]
     Content type = null
             Body = 
    Forwarded URL = null
   Redirected URL = null
          Cookies = []
]]></system-out>
  </testcase>
</testsuite>