<?xml version="1.0" encoding="UTF-8"?>
<testsuite xmlns:xsi="http://www.w3.org/2001/XMLSchema-instance" xsi:noNamespaceSchemaLocation="https://maven.apache.org/surefire/maven-surefire-plugin/xsd/surefire-test-report.xsd" name="com.xsushirollx.sushibyte.restaurantservice.dao.RestaurantDAOTests" time="37.452" tests="5" errors="0" skipped="0" failures="0">
  <properties>
[...]
</properties>
  <testcase name="findByKeywordsActiveStatus" classname="com.xsushirollx.sushibyte.restaurantservice.dao.RestaurantDAOTests" time="2.84"/>
  <testcase name="findByKeywordsParameterCheck" classname="com.xsushirollx.sushibyte.restaurantservice.dao.RestaurantDAOTests" time="1.661"/>
  <testcase name="setInactiveById" classname="com.xsushirollx.sushibyte.restaurantservice.dao.RestaurantDAOTests" time="1.352"/>
  <testcase name="findByKeywordsMultipleWords" classname="com.xsushirollx.sushibyte.restaurantservice.dao.RestaurantDAOTests" time="1.94"/>
  <testcase name="checkForExistingRestaurantByValues" classname="com.xsushirollx.sushibyte.restaurantservice.dao.RestaurantDAOTests" time="2.089"/>
</testsuite>